{"@timestamp":"2024-04-20T05:05:44.377Z","@version":"1","message":"Starting AuthApplication v0.0.1-SNAPSHOT using Java 11.0.22 on auth-java-deployment-dtd-65c74f797f-pb7cn with PID 1 (/opt/app/app.jar started by root in /opt/app)","logger_name":"com.dtd.auth.AuthApplication","thread_name":"main","level":"INFO","level_value":20000}
{"@timestamp":"2024-04-20T05:05:44.408Z","@version":"1","message":"Running with Spring Boot v2.7.0, Spring v5.3.20","logger_name":"com.dtd.auth.AuthApplication","thread_name":"main","level":"DEBUG","level_value":10000}
{"@timestamp":"2024-04-20T05:05:44.409Z","@version":"1","message":"The following 1 profile is active: \"dev\"","logger_name":"com.dtd.auth.AuthApplication","thread_name":"main","level":"INFO","level_value":20000}
{"@timestamp":"2024-04-20T05:05:52.555Z","@version":"1","message":"Started AuthApplication in 9.399 seconds (JVM running for 24.604)","logger_name":"com.dtd.auth.AuthApplication","thread_name":"main","level":"INFO","level_value":20000}
{"@timestamp":"2024-04-20T12:49:06.443+05:30","@version":"1","message":"Retrieving the user details from database for the user testUser","logger_name":"com.dtd.auth.serviceimpl.UserServiceImpl","thread_name":"main","level":"INFO","level_value":20000}
{"@timestamp":"2024-04-20T12:49:06.518+05:30","@version":"1","message":"Retrieving user along with the refresh token from database","logger_name":"com.dtd.auth.serviceimpl.UserServiceImpl","thread_name":"main","level":"INFO","level_value":20000}
{"@timestamp":"2024-04-20T12:49:06.519+05:30","@version":"1","message":"Fetching access token from the azure ad with refresh token","logger_name":"com.dtd.auth.serviceimpl.UserServiceImpl","thread_name":"main","level":"INFO","level_value":20000}
{"@timestamp":"2024-04-20T12:49:06.519+05:30","@version":"1","message":"Fetching the record from database for the user Judit","logger_name":"com.dtd.auth.serviceimpl.UserServiceImpl","thread_name":"main","level":"INFO","level_value":20000}
{"@timestamp":"2024-04-20T12:49:06.52+05:30","@version":"1","message":"Record retrieved, updating the new tokens","logger_name":"com.dtd.auth.serviceimpl.UserServiceImpl","thread_name":"main","level":"INFO","level_value":20000}
{"@timestamp":"2024-04-20T12:49:06.52+05:30","@version":"1","message":"Saving the new tokens","logger_name":"com.dtd.auth.serviceimpl.UserServiceImpl","thread_name":"main","level":"INFO","level_value":20000}
{"@timestamp":"2024-04-20T12:49:06.552+05:30","@version":"1","message":"Retrieving user along with the refresh token from database","logger_name":"com.dtd.auth.serviceimpl.UserServiceImpl","thread_name":"main","level":"INFO","level_value":20000}
{"@timestamp":"2024-04-20T12:49:06.553+05:30","@version":"1","message":"Fetching access token from the azure ad with refresh token","logger_name":"com.dtd.auth.serviceimpl.UserServiceImpl","thread_name":"main","level":"INFO","level_value":20000}
{"@timestamp":"2024-04-20T12:49:06.554+05:30","@version":"1","message":"Error while fetching access token from refresh token","logger_name":"com.dtd.auth.serviceimpl.UserServiceImpl","thread_name":"main","level":"ERROR","level_value":40000}
{"@timestamp":"2024-04-20T12:49:06.558+05:30","@version":"1","message":"Retrieving user along with the refresh token from database","logger_name":"com.dtd.auth.serviceimpl.UserServiceImpl","thread_name":"main","level":"INFO","level_value":20000}
{"@timestamp":"2024-04-20T12:49:06.558+05:30","@version":"1","message":"User/refresh token not found","logger_name":"com.dtd.auth.serviceimpl.UserServiceImpl","thread_name":"main","level":"ERROR","level_value":40000}
{"@timestamp":"2024-04-20T12:49:06.576+05:30","@version":"1","message":"Retrieving the user details from database for the user testUser","logger_name":"com.dtd.auth.serviceimpl.UserServiceImpl","thread_name":"main","level":"INFO","level_value":20000}
{"@timestamp":"2024-04-20T12:49:06.576+05:30","@version":"1","message":"Retrieving the user activities from database for the user testUser","logger_name":"com.dtd.auth.serviceimpl.UserServiceImpl","thread_name":"main","level":"INFO","level_value":20000}
{"@timestamp":"2024-04-20T12:49:06.577+05:30","@version":"1","message":"No user activities record retrieved for the user testUser","logger_name":"com.dtd.auth.serviceimpl.UserServiceImpl","thread_name":"main","level":"ERROR","level_value":40000}
{"@timestamp":"2024-04-20T12:49:06.592+05:30","@version":"1","message":"Retrieving the user details from database for the user testUser","logger_name":"com.dtd.auth.serviceimpl.UserServiceImpl","thread_name":"main","level":"INFO","level_value":20000}
{"@timestamp":"2024-04-20T12:49:06.592+05:30","@version":"1","message":"Invalid Token","logger_name":"com.dtd.auth.serviceimpl.UserServiceImpl","thread_name":"main","level":"ERROR","level_value":40000}
{"@timestamp":"2024-04-20T12:49:06.617+05:30","@version":"1","message":"Retrieving user along with the refresh token from database","logger_name":"com.dtd.auth.serviceimpl.UserServiceImpl","thread_name":"main","level":"INFO","level_value":20000}
{"@timestamp":"2024-04-20T12:49:06.618+05:30","@version":"1","message":"Fetching access token from the azure ad with refresh token","logger_name":"com.dtd.auth.serviceimpl.UserServiceImpl","thread_name":"main","level":"INFO","level_value":20000}
{"@timestamp":"2024-04-20T12:49:06.618+05:30","@version":"1","message":"Fetching the record from database for the user Junit","logger_name":"com.dtd.auth.serviceimpl.UserServiceImpl","thread_name":"main","level":"INFO","level_value":20000}
{"@timestamp":"2024-04-20T12:49:06.619+05:30","@version":"1","message":"No record retrieved for the user Junit","logger_name":"com.dtd.auth.serviceimpl.UserServiceImpl","thread_name":"main","level":"ERROR","level_value":40000}
{"@timestamp":"2024-04-20T12:49:06.641+05:30","@version":"1","message":"Retrieving the user details from database for the user testUser","logger_name":"com.dtd.auth.serviceimpl.UserServiceImpl","thread_name":"main","level":"INFO","level_value":20000}
{"@timestamp":"2024-04-20T12:49:06.641+05:30","@version":"1","message":"Retrieving the user activities from database for the user testUser","logger_name":"com.dtd.auth.serviceimpl.UserServiceImpl","thread_name":"main","level":"INFO","level_value":20000}
{"@timestamp":"2024-04-20T12:49:06.642+05:30","@version":"1","message":"Retrieved user activities successfully for the usertestUser","logger_name":"com.dtd.auth.serviceimpl.UserServiceImpl","thread_name":"main","level":"INFO","level_value":20000}
{"@timestamp":"2024-04-20T12:49:06.642+05:30","@version":"1","message":"Updated logout time and save the user activities for the user testUser","logger_name":"com.dtd.auth.serviceimpl.UserServiceImpl","thread_name":"main","level":"INFO","level_value":20000}
{"@timestamp":"2024-04-20T12:49:06.646+05:30","@version":"1","message":"Access Token Required","logger_name":"com.dtd.auth.serviceimpl.UserServiceImpl","thread_name":"main","level":"ERROR","level_value":40000}
{"@timestamp":"2024-04-20T12:49:06.685+05:30","@version":"1","message":"Retrieving tokens from azure ad","logger_name":"com.dtd.auth.serviceimpl.UserServiceImpl","thread_name":"main","level":"INFO","level_value":20000}
{"@timestamp":"2024-04-20T12:49:06.686+05:30","@version":"1","message":"Retrieved tokens are encrypted","logger_name":"com.dtd.auth.serviceimpl.UserServiceImpl","thread_name":"main","level":"INFO","level_value":20000}
{"@timestamp":"2024-04-20T12:49:06.693+05:30","@version":"1","message":"Unique name from access jwt token is VinothKumar.R@bluebinaries.com","logger_name":"com.dtd.auth.serviceimpl.UserServiceImpl","thread_name":"main","level":"INFO","level_value":20000}
{"@timestamp":"2024-04-20T12:49:06.693+05:30","@version":"1","message":"Checking the database if the user is present.","logger_name":"com.dtd.auth.serviceimpl.UserServiceImpl","thread_name":"main","level":"INFO","level_value":20000}
{"@timestamp":"2024-04-20T12:49:06.695+05:30","@version":"1","message":"User exists, updating the token and expiry info","logger_name":"com.dtd.auth.serviceimpl.UserServiceImpl","thread_name":"main","level":"INFO","level_value":20000}
{"@timestamp":"2024-04-20T12:49:06.695+05:30","@version":"1","message":"Adding record to user activities","logger_name":"com.dtd.auth.serviceimpl.UserServiceImpl","thread_name":"main","level":"INFO","level_value":20000}
{"@timestamp":"2024-04-20T12:49:06.709+05:30","@version":"1","message":"User Name/Refresh Token is required","logger_name":"com.dtd.auth.serviceimpl.UserServiceImpl","thread_name":"main","level":"ERROR","level_value":40000}
{"@timestamp":"2024-04-20T12:49:06.71+05:30","@version":"1","message":"User Name/Refresh Token is required","logger_name":"com.dtd.auth.serviceimpl.UserServiceImpl","thread_name":"main","level":"ERROR","level_value":40000}
{"@timestamp":"2024-04-20T12:49:06.716+05:30","@version":"1","message":"Client ID : null","logger_name":"com.dtd.auth.serviceimpl.UserServiceImpl","thread_name":"main","level":"INFO","level_value":20000}
{"@timestamp":"2024-04-20T12:49:06.718+05:30","@version":"1","message":"Error MessageInvalid Credentials","logger_name":"com.dtd.auth.serviceimpl.UserServiceImpl","thread_name":"main","level":"ERROR","level_value":40000}
{"@timestamp":"2024-04-20T12:49:06.723+05:30","@version":"1","message":"Username is Required","logger_name":"com.dtd.auth.serviceimpl.UserServiceImpl","thread_name":"main","level":"ERROR","level_value":40000}
{"@timestamp":"2024-04-20T12:49:06.766+05:30","@version":"1","message":"Retrieving tokens from azure ad","logger_name":"com.dtd.auth.serviceimpl.UserServiceImpl","thread_name":"main","level":"INFO","level_value":20000}
{"@timestamp":"2024-04-20T12:49:06.767+05:30","@version":"1","message":"Retrieved tokens are encrypted","logger_name":"com.dtd.auth.serviceimpl.UserServiceImpl","thread_name":"main","level":"INFO","level_value":20000}
{"@timestamp":"2024-04-20T12:49:06.768+05:30","@version":"1","message":"Unique name from access jwt token is VinothKumar.R@bluebinaries.com","logger_name":"com.dtd.auth.serviceimpl.UserServiceImpl","thread_name":"main","level":"INFO","level_value":20000}
{"@timestamp":"2024-04-20T12:49:06.768+05:30","@version":"1","message":"Checking the database if the user is present.","logger_name":"com.dtd.auth.serviceimpl.UserServiceImpl","thread_name":"main","level":"INFO","level_value":20000}
{"@timestamp":"2024-04-20T12:49:06.769+05:30","@version":"1","message":"User not exists, adding the user and updating the token and expiry info","logger_name":"com.dtd.auth.serviceimpl.UserServiceImpl","thread_name":"main","level":"INFO","level_value":20000}
{"@timestamp":"2024-04-20T12:49:06.77+05:30","@version":"1","message":"Adding record to user activities","logger_name":"com.dtd.auth.serviceimpl.UserServiceImpl","thread_name":"main","level":"INFO","level_value":20000}
{"@timestamp":"2024-04-20T12:49:06.789+05:30","@version":"1","message":"Retrieving user along with the refresh token from database","logger_name":"com.dtd.auth.serviceimpl.UserServiceImpl","thread_name":"main","level":"INFO","level_value":20000}
{"@timestamp":"2024-04-20T12:49:06.789+05:30","@version":"1","message":"Unauthorized - Token expired","logger_name":"com.dtd.auth.serviceimpl.UserServiceImpl","thread_name":"main","level":"ERROR","level_value":40000}
{"@timestamp":"2024-04-20T12:49:06.795+05:30","@version":"1","message":"Auth Code is required","logger_name":"com.dtd.auth.serviceimpl.UserServiceImpl","thread_name":"main","level":"ERROR","level_value":40000}
{"@timestamp":"2024-04-20T07:20:42.526Z","@version":"1","message":"Starting AuthApplication v0.0.1-SNAPSHOT using Java 11.0.22 on auth-java-deployment-dtd-65c74f797f-c2hks with PID 1 (/opt/app/app.jar started by root in /opt/app)","logger_name":"com.dtd.auth.AuthApplication","thread_name":"main","level":"INFO","level_value":20000}
{"@timestamp":"2024-04-20T07:20:42.537Z","@version":"1","message":"Running with Spring Boot v2.7.0, Spring v5.3.20","logger_name":"com.dtd.auth.AuthApplication","thread_name":"main","level":"DEBUG","level_value":10000}
{"@timestamp":"2024-04-20T07:20:42.538Z","@version":"1","message":"The following 1 profile is active: \"dev\"","logger_name":"com.dtd.auth.AuthApplication","thread_name":"main","level":"INFO","level_value":20000}
{"@timestamp":"2024-04-20T07:20:48.047Z","@version":"1","message":"Started AuthApplication in 6.052 seconds (JVM running for 6.962)","logger_name":"com.dtd.auth.AuthApplication","thread_name":"main","level":"INFO","level_value":20000}
